<?xml version="1.0" encoding="utf-8" standalone="no"?>
<!--This file represents the results of running a test suite-->
<test-results name="C:\Users\mhenry\Documents\Projects\AspUnitRunner\src\AspUnitRunner.Tests\AspUnitRunner.Tests.csproj" total="1" errors="0" failures="1" not-run="0" ignored="0" skipped="0" invalid="0" date="2009-05-11" time="20:56:51">
  <environment nunit-version="2.5.0.9122" clr-version="2.0.50727.3074" os-version="Microsoft Windows NT 6.0.6001 Service Pack 1" platform="Win32NT" cwd="C:\Program Files\NUnit 2.5\bin\net-2.0" machine-name="MIKE-VISTA-NTBK" user="mhenry" user-domain="mike-vista-ntbk" />
  <culture-info current-culture="en-US" current-uiculture="en-US" />
  <test-suite name="C:\Users\mhenry\Documents\Projects\AspUnitRunner\src\AspUnitRunner.Tests\AspUnitRunner.Tests.csproj" executed="True" success="False" time="0.154" asserts="0">
    <results>
      <test-suite name="C:\Users\mhenry\Documents\Projects\AspUnitRunner\src\AspUnitRunner.Tests\bin\Debug\AspUnitRunner.Tests.dll" executed="True" success="False" time="0.151" asserts="0">
        <results>
          <test-suite name="AspUnitRunner" executed="True" success="False" time="0.150" asserts="0">
            <results>
              <test-suite name="Tests" executed="True" success="False" time="0.145" asserts="0">
                <results>
                  <test-suite name="TestRunner" executed="True" success="False" time="0.048" asserts="0">
                    <results>
                      <test-case name="AspUnitRunner.Tests.TestRunner.Should_run_tests" executed="True" success="False" time="0.042" asserts="1">
                        <failure>
                          <message><![CDATA[  Expected: True
  But was:  False
]]></message>
                          <stack-trace><![CDATA[at AspUnitRunner.Tests.TestRunner.Should_run_tests() in C:\Users\mhenry\Documents\Projects\AspUnitRunner\src\AspUnitRunner.Tests\TestRunner.cs:line 13
]]></stack-trace>
                        </failure>
                      </test-case>
                    </results>
                  </test-suite>
                </results>
              </test-suite>
            </results>
          </test-suite>
        </results>
      </test-suite>
    </results>
  </test-suite>
</test-results>